This file contains any messages produced by compilers while
running configure, to aid debugging if configure makes a mistake.

It was created by netgen configure 1.3, which was
generated by GNU Autoconf 2.69.  Invocation command line was

  $ ./configure 

## --------- ##
## Platform. ##
## --------- ##

hostname = stravinsky
uname -m = x86_64
uname -r = 4.1.13-100.fc21.x86_64
uname -s = Linux
uname -v = #1 SMP Tue Nov 10 13:13:20 UTC 2015

/usr/bin/uname -p = x86_64
/bin/uname -X     = unknown

/bin/arch              = x86_64
/usr/bin/arch -k       = unknown
/usr/convex/getsysinfo = unknown
/usr/bin/hostinfo      = unknown
/bin/machine           = unknown
/usr/bin/oslevel       = unknown
/bin/universe          = unknown

PATH: .
PATH: /bin
PATH: /sbin
PATH: /usr/bin
PATH: /usr/sbin
PATH: /usr/local/bin


## ----------- ##
## Core tests. ##
## ----------- ##

configure:2398: checking build system type
configure:2412: result: x86_64-unknown-linux-gnu
configure:2432: checking host system type
configure:2445: result: x86_64-unknown-linux-gnu
configure:2465: checking target system type
configure:2478: result: x86_64-unknown-linux-gnu
configure:2569: checking for gcc
configure:2585: found /bin/gcc
configure:2596: result: gcc
configure:2825: checking for C compiler version
configure:2834: gcc --version >&5
gcc (GCC) 4.9.2 20150212 (Red Hat 4.9.2-6)
Copyright (C) 2014 Free Software Foundation, Inc.
This is free software; see the source for copying conditions.  There is NO
warranty; not even for MERCHANTABILITY or FITNESS FOR A PARTICULAR PURPOSE.

configure:2845: $? = 0
configure:2834: gcc -v >&5
Using built-in specs.
COLLECT_GCC=gcc
COLLECT_LTO_WRAPPER=/usr/libexec/gcc/x86_64-redhat-linux/4.9.2/lto-wrapper
Target: x86_64-redhat-linux
Configured with: ../configure --prefix=/usr --mandir=/usr/share/man --infodir=/usr/share/info --with-bugurl=http://bugzilla.redhat.com/bugzilla --enable-bootstrap --enable-shared --enable-threads=posix --enable-checking=release --enable-multilib --with-system-zlib --enable-__cxa_atexit --disable-libunwind-exceptions --enable-gnu-unique-object --enable-linker-build-id --with-linker-hash-style=gnu --enable-languages=c,c++,objc,obj-c++,fortran,ada,go,lto --enable-plugin --enable-initfini-array --disable-libgcj --with-isl=/builddir/build/BUILD/gcc-4.9.2-20150212/obj-x86_64-redhat-linux/isl-install --with-cloog=/builddir/build/BUILD/gcc-4.9.2-20150212/obj-x86_64-redhat-linux/cloog-install --enable-gnu-indirect-function --with-tune=generic --with-arch_32=i686 --build=x86_64-redhat-linux
Thread model: posix
gcc version 4.9.2 20150212 (Red Hat 4.9.2-6) (GCC) 
configure:2845: $? = 0
configure:2834: gcc -V >&5
gcc: error: unrecognized command line option '-V'
gcc: fatal error: no input files
compilation terminated.
configure:2845: $? = 4
configure:2834: gcc -qversion >&5
gcc: error: unrecognized command line option '-qversion'
gcc: fatal error: no input files
compilation terminated.
configure:2845: $? = 4
configure:2865: checking whether the C compiler works
configure:2887: gcc -g   conftest.c  >&5
configure:2891: $? = 0
configure:2939: result: yes
configure:2942: checking for C compiler default output file name
configure:2944: result: a.out
configure:2950: checking for suffix of executables
configure:2957: gcc -o conftest -g   conftest.c  >&5
configure:2961: $? = 0
configure:2983: result: 
configure:3005: checking whether we are cross compiling
configure:3013: gcc -o conftest -g   conftest.c  >&5
configure:3017: $? = 0
configure:3024: ./conftest
configure:3028: $? = 0
configure:3043: result: no
configure:3048: checking for suffix of object files
configure:3070: gcc -c -g  conftest.c >&5
configure:3074: $? = 0
configure:3095: result: o
configure:3099: checking whether we are using the GNU C compiler
configure:3118: gcc -c -g  conftest.c >&5
configure:3118: $? = 0
configure:3127: result: yes
configure:3136: checking whether gcc accepts -g
configure:3156: gcc -c -g  conftest.c >&5
configure:3156: $? = 0
configure:3197: result: yes
configure:3214: checking for gcc option to accept ISO C89
configure:3277: gcc  -c -g  conftest.c >&5
configure:3277: $? = 0
configure:3290: result: none needed
configure:3315: checking how to run the C preprocessor
configure:3346: gcc -E  conftest.c
configure:3346: $? = 0
configure:3360: gcc -E  conftest.c
conftest.c:11:28: fatal error: ac_nonexistent.h: No such file or directory
 #include <ac_nonexistent.h>
                            ^
compilation terminated.
configure:3360: $? = 1
configure: failed program was:
| /* confdefs.h */
| #define PACKAGE_NAME "netgen"
| #define PACKAGE_TARNAME "netgen"
| #define PACKAGE_VERSION "1.3"
| #define PACKAGE_STRING "netgen 1.3"
| #define PACKAGE_BUGREPORT "eda-dev@opencircuitdesign.com"
| #define PACKAGE_URL ""
| #define NETGEN_VERSION "1.5"
| #define NETGEN_REVISION "117"
| /* end confdefs.h.  */
| #include <ac_nonexistent.h>
configure:3385: result: gcc -E
configure:3405: gcc -E  conftest.c
configure:3405: $? = 0
configure:3419: gcc -E  conftest.c
conftest.c:11:28: fatal error: ac_nonexistent.h: No such file or directory
 #include <ac_nonexistent.h>
                            ^
compilation terminated.
configure:3419: $? = 1
configure: failed program was:
| /* confdefs.h */
| #define PACKAGE_NAME "netgen"
| #define PACKAGE_TARNAME "netgen"
| #define PACKAGE_VERSION "1.3"
| #define PACKAGE_STRING "netgen 1.3"
| #define PACKAGE_BUGREPORT "eda-dev@opencircuitdesign.com"
| #define PACKAGE_URL ""
| #define NETGEN_VERSION "1.5"
| #define NETGEN_REVISION "117"
| /* end confdefs.h.  */
| #include <ac_nonexistent.h>
configure:3448: checking for library containing strerror
configure:3479: gcc -o conftest -g   conftest.c  >&5
configure:3479: $? = 0
configure:3496: result: none required
configure:3518: checking for a BSD-compatible install
configure:3586: result: /bin/install -c
configure:3640: checking for ranlib
configure:3656: found /bin/ranlib
configure:3667: result: ranlib
configure:3694: checking for gm4
configure:3727: result: no
configure:3694: checking for gnum4
configure:3727: result: no
configure:3694: checking for m4
configure:3712: found /bin/m4
configure:3724: result: /bin/m4
configure:3765: checking for ld used by GCC
configure:3828: result: /bin/ld
configure:3835: checking if the linker (/bin/ld) is GNU ld
GNU ld version 2.24
configure:3847: result: yes
configure:3854: checking for grep that handles long lines and -e
configure:3912: result: /bin/grep
configure:3917: checking for egrep
configure:3979: result: /bin/grep -E
configure:3984: checking for ANSI C header files
configure:4004: gcc -c -g  conftest.c >&5
configure:4004: $? = 0
configure:4077: gcc -o conftest -g   conftest.c  >&5
configure:4077: $? = 0
configure:4077: ./conftest
configure:4077: $? = 0
configure:4088: result: yes
configure:4101: checking for sys/types.h
configure:4101: gcc -c -g  conftest.c >&5
configure:4101: $? = 0
configure:4101: result: yes
configure:4101: checking for sys/stat.h
configure:4101: gcc -c -g  conftest.c >&5
configure:4101: $? = 0
configure:4101: result: yes
configure:4101: checking for stdlib.h
configure:4101: gcc -c -g  conftest.c >&5
configure:4101: $? = 0
configure:4101: result: yes
configure:4101: checking for string.h
configure:4101: gcc -c -g  conftest.c >&5
configure:4101: $? = 0
configure:4101: result: yes
configure:4101: checking for memory.h
configure:4101: gcc -c -g  conftest.c >&5
configure:4101: $? = 0
configure:4101: result: yes
configure:4101: checking for strings.h
configure:4101: gcc -c -g  conftest.c >&5
configure:4101: $? = 0
configure:4101: result: yes
configure:4101: checking for inttypes.h
configure:4101: gcc -c -g  conftest.c >&5
configure:4101: $? = 0
configure:4101: result: yes
configure:4101: checking for stdint.h
configure:4101: gcc -c -g  conftest.c >&5
configure:4101: $? = 0
configure:4101: result: yes
configure:4101: checking for unistd.h
configure:4101: gcc -c -g  conftest.c >&5
configure:4101: $? = 0
configure:4101: result: yes
configure:4117: checking size of void *
configure:4122: gcc -o conftest -g   conftest.c  >&5
configure:4122: $? = 0
configure:4122: ./conftest
configure:4122: $? = 0
configure:4136: result: 8
configure:4150: checking size of unsigned int
configure:4155: gcc -o conftest -g   conftest.c  >&5
configure:4155: $? = 0
configure:4155: ./conftest
configure:4155: $? = 0
configure:4169: result: 4
configure:4183: checking size of unsigned long
configure:4188: gcc -o conftest -g   conftest.c  >&5
configure:4188: $? = 0
configure:4188: ./conftest
configure:4188: $? = 0
configure:4202: result: 8
configure:4216: checking size of unsigned long long
configure:4221: gcc -o conftest -g   conftest.c  >&5
configure:4221: $? = 0
configure:4221: ./conftest
configure:4221: $? = 0
configure:4235: result: 8
configure:4246: checking whether byte ordering is bigendian
configure:4261: gcc -c -g  conftest.c >&5
conftest.c:26:9: error: unknown type name 'not'
         not a universal capable compiler
         ^
conftest.c:26:15: error: expected '=', ',', ';', 'asm' or '__attribute__' before 'universal'
         not a universal capable compiler
               ^
conftest.c:26:15: error: unknown type name 'universal'
configure:4261: $? = 1
configure: failed program was:
| /* confdefs.h */
| #define PACKAGE_NAME "netgen"
| #define PACKAGE_TARNAME "netgen"
| #define PACKAGE_VERSION "1.3"
| #define PACKAGE_STRING "netgen 1.3"
| #define PACKAGE_BUGREPORT "eda-dev@opencircuitdesign.com"
| #define PACKAGE_URL ""
| #define NETGEN_VERSION "1.5"
| #define NETGEN_REVISION "117"
| #define STDC_HEADERS 1
| #define HAVE_SYS_TYPES_H 1
| #define HAVE_SYS_STAT_H 1
| #define HAVE_STDLIB_H 1
| #define HAVE_STRING_H 1
| #define HAVE_MEMORY_H 1
| #define HAVE_STRINGS_H 1
| #define HAVE_INTTYPES_H 1
| #define HAVE_STDINT_H 1
| #define HAVE_UNISTD_H 1
| #define SIZEOF_VOID_P 8
| #define SIZEOF_UNSIGNED_INT 4
| #define SIZEOF_UNSIGNED_LONG 8
| #define SIZEOF_UNSIGNED_LONG_LONG 8
| /* end confdefs.h.  */
| #ifndef __APPLE_CC__
| 	       not a universal capable compiler
| 	     #endif
| 	     typedef int dummy;
| 
configure:4306: gcc -c -g  conftest.c >&5
configure:4306: $? = 0
configure:4324: gcc -c -g  conftest.c >&5
conftest.c: In function 'main':
conftest.c:32:4: error: unknown type name 'not'
    not big endian
    ^
conftest.c:32:12: error: expected '=', ',', ';', 'asm' or '__attribute__' before 'endian'
    not big endian
            ^
configure:4324: $? = 1
configure: failed program was:
| /* confdefs.h */
| #define PACKAGE_NAME "netgen"
| #define PACKAGE_TARNAME "netgen"
| #define PACKAGE_VERSION "1.3"
| #define PACKAGE_STRING "netgen 1.3"
| #define PACKAGE_BUGREPORT "eda-dev@opencircuitdesign.com"
| #define PACKAGE_URL ""
| #define NETGEN_VERSION "1.5"
| #define NETGEN_REVISION "117"
| #define STDC_HEADERS 1
| #define HAVE_SYS_TYPES_H 1
| #define HAVE_SYS_STAT_H 1
| #define HAVE_STDLIB_H 1
| #define HAVE_STRING_H 1
| #define HAVE_MEMORY_H 1
| #define HAVE_STRINGS_H 1
| #define HAVE_INTTYPES_H 1
| #define HAVE_STDINT_H 1
| #define HAVE_UNISTD_H 1
| #define SIZEOF_VOID_P 8
| #define SIZEOF_UNSIGNED_INT 4
| #define SIZEOF_UNSIGNED_LONG 8
| #define SIZEOF_UNSIGNED_LONG_LONG 8
| /* end confdefs.h.  */
| #include <sys/types.h>
| 		#include <sys/param.h>
| 
| int
| main ()
| {
| #if BYTE_ORDER != BIG_ENDIAN
| 		 not big endian
| 		#endif
| 
|   ;
|   return 0;
| }
configure:4452: result: no
configure:4471: checking for ANSI C header files
configure:4575: result: yes
configure:4587: checking for setenv
configure:4587: gcc -o conftest -g   conftest.c  >&5
configure:4587: $? = 0
configure:4587: result: yes
configure:4587: checking for putenv
configure:4587: gcc -o conftest -g   conftest.c  >&5
configure:4587: $? = 0
configure:4587: result: yes
configure:4597: checking for vfork
configure:4597: gcc -o conftest -g   conftest.c  >&5
configure:4597: $? = 0
configure:4597: result: yes
configure:4605: checking dirent.h usability
configure:4605: gcc -c -g  conftest.c >&5
configure:4605: $? = 0
configure:4605: result: yes
configure:4605: checking dirent.h presence
configure:4605: gcc -E -x c  conftest.c
configure:4605: $? = 0
configure:4605: result: yes
configure:4605: checking for dirent.h
configure:4605: result: yes
configure:4618: checking limits.h usability
configure:4618: gcc -c -g  conftest.c >&5
configure:4618: $? = 0
configure:4618: result: yes
configure:4618: checking limits.h presence
configure:4618: gcc -E -x c  conftest.c
configure:4618: $? = 0
configure:4618: result: yes
configure:4618: checking for limits.h
configure:4618: result: yes
configure:4631: checking param.h usability
configure:4631: gcc -c -g  conftest.c >&5
conftest.c:63:19: fatal error: param.h: No such file or directory
 #include <param.h>
                   ^
compilation terminated.
configure:4631: $? = 1
configure: failed program was:
| /* confdefs.h */
| #define PACKAGE_NAME "netgen"
| #define PACKAGE_TARNAME "netgen"
| #define PACKAGE_VERSION "1.3"
| #define PACKAGE_STRING "netgen 1.3"
| #define PACKAGE_BUGREPORT "eda-dev@opencircuitdesign.com"
| #define PACKAGE_URL ""
| #define NETGEN_VERSION "1.5"
| #define NETGEN_REVISION "117"
| #define STDC_HEADERS 1
| #define HAVE_SYS_TYPES_H 1
| #define HAVE_SYS_STAT_H 1
| #define HAVE_STDLIB_H 1
| #define HAVE_STRING_H 1
| #define HAVE_MEMORY_H 1
| #define HAVE_STRINGS_H 1
| #define HAVE_INTTYPES_H 1
| #define HAVE_STDINT_H 1
| #define HAVE_UNISTD_H 1
| #define SIZEOF_VOID_P 8
| #define SIZEOF_UNSIGNED_INT 4
| #define SIZEOF_UNSIGNED_LONG 8
| #define SIZEOF_UNSIGNED_LONG_LONG 8
| #define STDC_HEADERS 1
| #define HAVE_SETENV 1
| #define HAVE_PUTENV 1
| #define HAVE_DIRENT_H 1
| #define HAVE_LIMITS_H 1
| /* end confdefs.h.  */
| #include <stdio.h>
| #ifdef HAVE_SYS_TYPES_H
| # include <sys/types.h>
| #endif
| #ifdef HAVE_SYS_STAT_H
| # include <sys/stat.h>
| #endif
| #ifdef STDC_HEADERS
| # include <stdlib.h>
| # include <stddef.h>
| #else
| # ifdef HAVE_STDLIB_H
| #  include <stdlib.h>
| # endif
| #endif
| #ifdef HAVE_STRING_H
| # if !defined STDC_HEADERS && defined HAVE_MEMORY_H
| #  include <memory.h>
| # endif
| # include <string.h>
| #endif
| #ifdef HAVE_STRINGS_H
| # include <strings.h>
| #endif
| #ifdef HAVE_INTTYPES_H
| # include <inttypes.h>
| #endif
| #ifdef HAVE_STDINT_H
| # include <stdint.h>
| #endif
| #ifdef HAVE_UNISTD_H
| # include <unistd.h>
| #endif
| #include <param.h>
configure:4631: result: no
configure:4631: checking param.h presence
configure:4631: gcc -E -x c  conftest.c
conftest.c:30:19: fatal error: param.h: No such file or directory
 #include <param.h>
                   ^
compilation terminated.
configure:4631: $? = 1
configure: failed program was:
| /* confdefs.h */
| #define PACKAGE_NAME "netgen"
| #define PACKAGE_TARNAME "netgen"
| #define PACKAGE_VERSION "1.3"
| #define PACKAGE_STRING "netgen 1.3"
| #define PACKAGE_BUGREPORT "eda-dev@opencircuitdesign.com"
| #define PACKAGE_URL ""
| #define NETGEN_VERSION "1.5"
| #define NETGEN_REVISION "117"
| #define STDC_HEADERS 1
| #define HAVE_SYS_TYPES_H 1
| #define HAVE_SYS_STAT_H 1
| #define HAVE_STDLIB_H 1
| #define HAVE_STRING_H 1
| #define HAVE_MEMORY_H 1
| #define HAVE_STRINGS_H 1
| #define HAVE_INTTYPES_H 1
| #define HAVE_STDINT_H 1
| #define HAVE_UNISTD_H 1
| #define SIZEOF_VOID_P 8
| #define SIZEOF_UNSIGNED_INT 4
| #define SIZEOF_UNSIGNED_LONG 8
| #define SIZEOF_UNSIGNED_LONG_LONG 8
| #define STDC_HEADERS 1
| #define HAVE_SETENV 1
| #define HAVE_PUTENV 1
| #define HAVE_DIRENT_H 1
| #define HAVE_LIMITS_H 1
| /* end confdefs.h.  */
| #include <param.h>
configure:4631: result: no
configure:4631: checking for param.h
configure:4631: result: no
configure:4644: checking for python3
configure:4660: found /bin/python3
configure:4672: result: yes
configure:4681: checking for va_copy
configure:4699: gcc -o conftest -g   conftest.c  >&5
configure:4699: $? = 0
configure:4708: result: yes
configure:4716: checking for __va_copy
configure:4734: gcc -o conftest -g   conftest.c  >&5
configure:4734: $? = 0
configure:4743: result: yes
configure:4874: checking for tclConfig.sh
configure:4946: result: /usr/lib64/tclConfig.sh
configure:4962: checking for tkConfig.sh
configure:5035: result: /usr/lib64/tkConfig.sh
configure:5168: checking for wish executable
configure:5195: result: /usr/bin/wish
configure:5201: checking for tclsh executable
configure:5227: result: /usr/bin/tclsh
configure:5350: checking for X
configure:5489: gcc -o conftest -g   conftest.c -lX11  >&5
configure:5489: $? = 0
configure:5539: result: libraries , headers 
configure:5638: gcc -o conftest -g   conftest.c   -lX11 >&5
configure:5638: $? = 0
configure:5736: checking for gethostbyname
configure:5736: gcc -o conftest -g   conftest.c  >&5
configure:5736: $? = 0
configure:5736: result: yes
configure:5833: checking for connect
configure:5833: gcc -o conftest -g   conftest.c  >&5
configure:5833: $? = 0
configure:5833: result: yes
configure:5882: checking for remove
configure:5882: gcc -o conftest -g   conftest.c  >&5
configure:5882: $? = 0
configure:5882: result: yes
configure:5931: checking for shmat
configure:5931: gcc -o conftest -g   conftest.c  >&5
configure:5931: $? = 0
configure:5931: result: yes
configure:5989: checking for IceConnectionNumber in -lICE
configure:6014: gcc -o conftest -g   conftest.c -lICE   >&5
configure:6014: $? = 0
configure:6023: result: yes
configure:6745: creating ./config.status

## ---------------------- ##
## Running config.status. ##
## ---------------------- ##

This file was extended by netgen config.status 1.3, which was
generated by GNU Autoconf 2.69.  Invocation command line was

  CONFIG_FILES    = 
  CONFIG_HEADERS  = 
  CONFIG_LINKS    = 
  CONFIG_COMMANDS = 
  $ ./config.status 

on stravinsky

config.status:784: creating defs.mak
config.status:887: WARNING:  'defs.mak.in' seems to ignore the --datarootdir setting

## ---------------- ##
## Cache variables. ##
## ---------------- ##

ac_cv_build=x86_64-unknown-linux-gnu
ac_cv_c___va_copy=yes
ac_cv_c_bigendian=no
ac_cv_c_compiler_gnu=yes
ac_cv_c_va_copy=yes
ac_cv_env_CC_set=
ac_cv_env_CC_value=
ac_cv_env_CFLAGS_set=set
ac_cv_env_CFLAGS_value=-g
ac_cv_env_CPPFLAGS_set=
ac_cv_env_CPPFLAGS_value=
ac_cv_env_CPP_set=
ac_cv_env_CPP_value=
ac_cv_env_LDFLAGS_set=
ac_cv_env_LDFLAGS_value=
ac_cv_env_LIBS_set=
ac_cv_env_LIBS_value=
ac_cv_env_XMKMF_set=
ac_cv_env_XMKMF_value=
ac_cv_env_build_alias_set=
ac_cv_env_build_alias_value=
ac_cv_env_host_alias_set=
ac_cv_env_host_alias_value=
ac_cv_env_target_alias_set=
ac_cv_env_target_alias_value=
ac_cv_func_connect=yes
ac_cv_func_gethostbyname=yes
ac_cv_func_putenv=yes
ac_cv_func_remove=yes
ac_cv_func_setenv=yes
ac_cv_func_shmat=yes
ac_cv_func_vfork=yes
ac_cv_have_x='have_x=yes	ac_x_includes='\'''\''	ac_x_libraries='\'''\'''
ac_cv_header_dirent_h=yes
ac_cv_header_inttypes_h=yes
ac_cv_header_limits_h=yes
ac_cv_header_memory_h=yes
ac_cv_header_param_h=no
ac_cv_header_stdc=yes
ac_cv_header_stdint_h=yes
ac_cv_header_stdlib_h=yes
ac_cv_header_string_h=yes
ac_cv_header_strings_h=yes
ac_cv_header_sys_stat_h=yes
ac_cv_header_sys_types_h=yes
ac_cv_header_unistd_h=yes
ac_cv_host=x86_64-unknown-linux-gnu
ac_cv_lib_ICE_IceConnectionNumber=yes
ac_cv_objext=o
ac_cv_path_EGREP='/bin/grep -E'
ac_cv_path_GREP=/bin/grep
ac_cv_path_LD=/bin/ld
ac_cv_path_M4=/bin/m4
ac_cv_path_install='/bin/install -c'
ac_cv_prog_CPP='gcc -E'
ac_cv_prog_HAVE_PYTHON3=yes
ac_cv_prog_ac_ct_CC=gcc
ac_cv_prog_ac_ct_RANLIB=ranlib
ac_cv_prog_cc_c89=
ac_cv_prog_cc_g=yes
ac_cv_prog_gnu_ld=yes
ac_cv_search_strerror='none required'
ac_cv_sizeof_unsigned_int=4
ac_cv_sizeof_unsigned_long=8
ac_cv_sizeof_unsigned_long_long=8
ac_cv_sizeof_void_p=8
ac_cv_target=x86_64-unknown-linux-gnu

## ----------------- ##
## Output variables. ##
## ----------------- ##

ALL_TARGET='tcl'
CC='gcc'
CFLAGS='-g -m64 -fPIC'
CPP='gcc -E -x c'
CPPFLAGS=''
DEFS='-DPACKAGE_NAME=\"netgen\" -DPACKAGE_TARNAME=\"netgen\" -DPACKAGE_VERSION=\"1.3\" -DPACKAGE_STRING=\"netgen\ 1.3\" -DPACKAGE_BUGREPORT=\"eda-dev@opencircuitdesign.com\" -DPACKAGE_URL=\"\" -DNETGEN_VERSION=\"1.5\" -DNETGEN_REVISION=\"117\" -DSTDC_HEADERS=1 -DHAVE_SYS_TYPES_H=1 -DHAVE_SYS_STAT_H=1 -DHAVE_STDLIB_H=1 -DHAVE_STRING_H=1 -DHAVE_MEMORY_H=1 -DHAVE_STRINGS_H=1 -DHAVE_INTTYPES_H=1 -DHAVE_STDINT_H=1 -DHAVE_UNISTD_H=1 -DSIZEOF_VOID_P=8 -DSIZEOF_UNSIGNED_INT=4 -DSIZEOF_UNSIGNED_LONG=8 -DSIZEOF_UNSIGNED_LONG_LONG=8 -DSTDC_HEADERS=1 -DHAVE_SETENV=1 -DHAVE_PUTENV=1 -DHAVE_DIRENT_H=1 -DHAVE_LIMITS_H=1 -DHAVE_VA_COPY=1 -DHAVE___VA_COPY=1 -DDBUG_OFF=1 -DTCL_NETGEN=1 -Dlinux=1 -DSYSV=1 -DISC=1'
DEPEND_FLAG='-MM'
ECHO_C=''
ECHO_N='printf'
ECHO_T=''
EGREP='/bin/grep -E'
EXEEXT=''
EXTRA_LIB_SPECS='-ldl'
GREP='/bin/grep'
HAVE_PYTHON3='yes'
INC_SPECS=''
INSTALL_DATA='${INSTALL} -m 644'
INSTALL_PROGRAM='${INSTALL}'
INSTALL_SCRIPT='${INSTALL}'
INSTALL_TARGET='install-tcl'
LD='/bin/ld'
LDDL_FLAGS=' -shared -Wl,-soname,$@ -Wl,--version-script=${NETGENDIR}/netgen/symbol.map'
LDFLAGS=''
LD_RUN_PATH=''
LIBOBJS=''
LIBS=''
LIB_SPECS=' -L/usr/lib64 -ltkstub8.6 -L/usr/lib64 -ltclstub8.6'
LIB_SPECS_NOSTUB=' -L/usr/lib64 -ltk8.6 -L/usr/lib64 -ltcl8.6'
LTLIBOBJS=''
M4='/bin/m4'
OBJEXT='o'
PACKAGE='netgen'
PACKAGE_BUGREPORT='eda-dev@opencircuitdesign.com'
PACKAGE_NAME='netgen'
PACKAGE_STRING='netgen 1.3'
PACKAGE_TARNAME='netgen'
PACKAGE_URL=''
PACKAGE_VERSION='1.3'
PATH_SEPARATOR=':'
RANLIB='ranlib'
SCRIPTS=''
SHDLIB_EXT='.so'
SHELL='/bin/sh'
SHLIB_CFLAGS='-fPIC'
SHLIB_LD=''
SHLIB_LIB_SPECS=''
TCLSH_EXE='/usr/bin/tclsh'
TCL_LIB_DIR='/usr/lib'
VERSION=''
WISH_EXE='/usr/bin/wish'
XMKMF=''
X_CFLAGS=''
X_EXTRA_LIBS=''
X_LIBS=''
X_PRE_LIBS=' -lSM -lICE'
ac_ct_CC='gcc'
bindir='${exec_prefix}/bin'
build='x86_64-unknown-linux-gnu'
build_alias=''
build_cpu='x86_64'
build_os='linux-gnu'
build_vendor='unknown'
cadinstall=' tcltk'
datadir='${datarootdir}'
datarootdir='${prefix}/share'
docdir='${datarootdir}/doc/${PACKAGE_TARNAME}'
dvidir='${docdir}'
exec_prefix='${prefix}'
extra_defs=' -DCAD_DIR=\"${LIBDIR}\" -DTCL_DIR=\"${TCLDIR}\"'
extra_libs=' ${NETGENDIR}/tcltk/libtcltk.o'
gr_cflags=''
gr_dflags=' -DX11 -DXLIB'
gr_libs=' -lX11'
gr_srcs=' ${TK_SRCS}'
host='x86_64-unknown-linux-gnu'
host_alias=''
host_cpu='x86_64'
host_os='linux-gnu'
host_vendor='unknown'
htmldir='${docdir}'
includedir='${prefix}/include'
infodir='${datarootdir}/info'
ld_extra_libs=''
ld_extra_objs=''
libdir='${exec_prefix}/lib'
libexecdir='${exec_prefix}/libexec'
localedir='${datarootdir}/locale'
localstatedir='${prefix}/var'
mandir='${datarootdir}/man'
modules=' tcltk'
oldincludedir='/usr/include'
pdfdir='${docdir}'
prefix='/usr/local'
program_transform_name='s,x,x,'
programs=' tcltk'
psdir='${docdir}'
sbindir='${exec_prefix}/sbin'
sharedstatedir='${prefix}/com'
stub_defs=' -DUSE_TCL_STUBS -DUSE_TK_STUBS'
sub_extra_libs=''
sysconfdir='${prefix}/etc'
target='x86_64-unknown-linux-gnu'
target_alias=''
target_cpu='x86_64'
target_os='linux-gnu'
target_vendor='unknown'
top_extra_libs=''
unused=''

## ----------- ##
## confdefs.h. ##
## ----------- ##

/* confdefs.h */
#define PACKAGE_NAME "netgen"
#define PACKAGE_TARNAME "netgen"
#define PACKAGE_VERSION "1.3"
#define PACKAGE_STRING "netgen 1.3"
#define PACKAGE_BUGREPORT "eda-dev@opencircuitdesign.com"
#define PACKAGE_URL ""
#define NETGEN_VERSION "1.5"
#define NETGEN_REVISION "117"
#define STDC_HEADERS 1
#define HAVE_SYS_TYPES_H 1
#define HAVE_SYS_STAT_H 1
#define HAVE_STDLIB_H 1
#define HAVE_STRING_H 1
#define HAVE_MEMORY_H 1
#define HAVE_STRINGS_H 1
#define HAVE_INTTYPES_H 1
#define HAVE_STDINT_H 1
#define HAVE_UNISTD_H 1
#define SIZEOF_VOID_P 8
#define SIZEOF_UNSIGNED_INT 4
#define SIZEOF_UNSIGNED_LONG 8
#define SIZEOF_UNSIGNED_LONG_LONG 8
#define STDC_HEADERS 1
#define HAVE_SETENV 1
#define HAVE_PUTENV 1
#define HAVE_DIRENT_H 1
#define HAVE_LIMITS_H 1
#define HAVE_VA_COPY 1
#define HAVE___VA_COPY 1
#define DBUG_OFF 1
#define TCL_NETGEN 1
#define linux 1
#define SYSV 1
#define ISC 1

configure: exit 0
